[     354ms] [LOG] %c[Vercel Speed Insights]%c [vitals] color: rgb(120, 120, 120) color: inherit {speed: 4g, metrics: Array(3), scriptVersion: 0.1.3, sdkName: @vercel/speed-insights/next, sdkVersion: 1.3.1} /_vercel/speed-insights/vitals @ https://va.vercel-scripts.com/v1/speed-insights/script.debug.js:0
[     354ms] [LOG] %c[Vercel Speed Insights]%c [vitals] color: rgb(120, 120, 120) color: inherit {speed: 4g, metrics: Array(1), scriptVersion: 0.1.3, sdkName: @vercel/speed-insights/next, sdkVersion: 1.3.1} /_vercel/speed-insights/vitals @ https://va.vercel-scripts.com/v1/speed-insights/script.debug.js:0
[     470ms] [INFO] %cDownload the React DevTools for a better development experience: https://reactjs.org/link/react-devtools font-weight:bold @ webpack-internal:///(pages-dir-browser)/./node_modules/react-dom/cjs/react-dom.development.js:29889
[     477ms] [LOG] [HMR] connected @ webpack-internal:///(pages-dir-browser)/./node_modules/next/dist/client/dev/hot-reloader/pages/websocket.js:45
[     478ms] [WARNING] [HMR] Invalid message: {"action":"isrManifest","data":{"/underlying-stats/goalieStats":true,"/404":true,"/underlying-stats/goalieStats/[playerId]":true}}
TypeError: Cannot read properties of undefined (reading 'components')
    at handleStaticIndicator (webpack-internal:///(pages-dir-browser)/./node_modules/next/dist/client/dev/hot-reloader/pages/hot-reloader-pages.js:182:46)
    at processMessage (webpack-internal:///(pages-dir-browser)/./node_modules/next/dist/client/dev/hot-reloader/pages/hot-reloader-pages.js:199:17)
    at eval (webpack-internal:///(pages-dir-browser)/./node_modules/next/dist/client/dev/hot-reloader/pages/hot-reloader-pages.js:72:13)
    at WebSocket.handleMessage (webpack-internal:///(pages-dir-browser)/./node_modules/next/dist/client/dev/hot-reloader/pages/websocket.js:69:17) @ webpack-internal:///(pages-dir-browser)/./node_modules/next/dist/client/dev/hot-reloader/shared.js:25
[     783ms] [ERROR] Failed to load resource: the server responded with a status of 404 (Not Found) @ http://localhost:3000/_next/image?url=%2F_next%2Fstatic%2Fmedia%2FULSlogo.392f5ba7.png&w=8&q=70:0
[     788ms] [LOG] %c[Vercel Web Analytics]%c Debug mode is enabled by default in development. No requests will be sent to the server. color: rgb(120, 120, 120) color: inherit @ https://cdn.vercel-insights.com/v1/script.debug.js:0
[     788ms] [LOG] %c[Vercel Web Analytics]%c [view] http://localhost:3000/underlying-stats/goalieStats?fromSeasonId=20252026&throughSeasonId=20252026&seasonType=regularSeason&strength=fiveOnFive&scoreState=allScores&statMode=goalies&displayMode=counts&venue=all&tradeMode=combine&scope=none&sortKey=savePct&sortDirection=desc&page=1&pageSize=100 color: rgb(120, 120, 120) color: inherit {o: http://localhost:3000/underlying-stats/goalieStats…ey=savePct&sortDirection=desc&page=1&pageSize=100, sv: 0.1.3, sdkn: @vercel/analytics, sdkv: 0.1.11, ts: 1775578345584} /_vercel/insights/view @ https://cdn.vercel-insights.com/v1/script.debug.js:0
[     788ms] [LOG] %c[Vercel Speed Insights]%c Debug mode is enabled by default in development. No requests will be sent to the server. color: rgb(120, 120, 120) color: inherit @ https://va.vercel-scripts.com/v1/speed-insights/script.debug.js:0
[    3841ms] [WARNING] The resource http://localhost:3000/_next/static/media/ULSlogo.392f5ba7.png was preloaded using link preload but not used within a few seconds from the window's load event. Please make sure it has an appropriate `as` value and it is preloaded intentionally. @ http://localhost:3000/underlying-stats/goalieStats?fromSeasonId=20252026&throughSeasonId=20252026&seasonType=regularSeason&strength=fiveOnFive&scoreState=allScores&statMode=goalies&displayMode=counts&venue=all&tradeMode=combine&scope=none&sortKey=savePct&sortDirection=desc&page=1&pageSize=100:0
[   10528ms] [LOG] Download the Apollo DevTools for a better development experience: %s https://chrome.google.com/webstore/detail/apollo-client-developer-t/jdkknkkbebbapilgoeccciglkfbmbnfm @ webpack-internal:///(pages-dir-browser)/./node_modules/ts-invariant/lib/invariant.js:42
[   33467ms] [WARNING] The resource http://localhost:3000/_next/static/media/ULSlogo.392f5ba7.png was preloaded using link preload but not used within a few seconds from the window's load event. Please make sure it has an appropriate `as` value and it is preloaded intentionally. @ http://localhost:3000/underlying-stats/goalieStats?fromSeasonId=20252026&throughSeasonId=20252026&seasonType=regularSeason&strength=fiveOnFive&scoreState=allScores&statMode=goalies&displayMode=counts&venue=all&tradeMode=combine&scope=none&sortKey=savePct&sortDirection=desc&page=1&pageSize=100:0
[  665174ms] [LOG] [Fast Refresh] rebuilding @ webpack-internal:///(pages-dir-browser)/./node_modules/next/dist/client/dev/hot-reloader/pages/hot-reloader-pages.js:206
[  665285ms] [LOG] [Fast Refresh] done in 110ms @ webpack-internal:///(pages-dir-browser)/./node_modules/next/dist/client/dev/report-hmr-latency.js:13
[  668287ms] [WARNING] The resource http://localhost:3000/_next/static/media/ULSlogo.392f5ba7.png was preloaded using link preload but not used within a few seconds from the window's load event. Please make sure it has an appropriate `as` value and it is preloaded intentionally. @ http://localhost:3000/underlying-stats/goalieStats?fromSeasonId=20252026&throughSeasonId=20252026&seasonType=regularSeason&strength=fiveOnFive&scoreState=allScores&statMode=goalies&displayMode=counts&venue=all&tradeMode=combine&scope=none&sortKey=savePct&sortDirection=desc&page=1&pageSize=100:0
[  767468ms] [LOG] [Fast Refresh] rebuilding @ webpack-internal:///(pages-dir-browser)/./node_modules/next/dist/client/dev/hot-reloader/pages/hot-reloader-pages.js:206
[ 1256847ms] [LOG] [Fast Refresh] rebuilding @ webpack-internal:///(pages-dir-browser)/./node_modules/next/dist/client/dev/hot-reloader/pages/hot-reloader-pages.js:206
[ 1256956ms] [LOG] [Fast Refresh] done in 110ms @ webpack-internal:///(pages-dir-browser)/./node_modules/next/dist/client/dev/report-hmr-latency.js:13
[ 1257500ms] [LOG] [Fast Refresh] rebuilding @ webpack-internal:///(pages-dir-browser)/./node_modules/next/dist/client/dev/hot-reloader/pages/hot-reloader-pages.js:206
[ 1257794ms] [LOG] [Fast Refresh] done in 295ms @ webpack-internal:///(pages-dir-browser)/./node_modules/next/dist/client/dev/report-hmr-latency.js:13
[ 1260796ms] [WARNING] The resource http://localhost:3000/_next/static/media/ULSlogo.392f5ba7.png was preloaded using link preload but not used within a few seconds from the window's load event. Please make sure it has an appropriate `as` value and it is preloaded intentionally. @ http://localhost:3000/underlying-stats/goalieStats?fromSeasonId=20252026&throughSeasonId=20252026&seasonType=regularSeason&strength=fiveOnFive&scoreState=allScores&statMode=goalies&displayMode=counts&venue=all&tradeMode=combine&scope=none&sortKey=savePct&sortDirection=desc&page=1&pageSize=100:0
[ 1315136ms] [LOG] [Fast Refresh] rebuilding @ webpack-internal:///(pages-dir-browser)/./node_modules/next/dist/client/dev/hot-reloader/pages/hot-reloader-pages.js:206
[ 1318080ms] [LOG] [Fast Refresh] rebuilding @ webpack-internal:///(pages-dir-browser)/./node_modules/next/dist/client/dev/hot-reloader/pages/hot-reloader-pages.js:206
[ 1333664ms] [LOG] [Fast Refresh] rebuilding @ webpack-internal:///(pages-dir-browser)/./node_modules/next/dist/client/dev/hot-reloader/pages/hot-reloader-pages.js:206
[ 1333714ms] [LOG] [Fast Refresh] done in 50ms @ webpack-internal:///(pages-dir-browser)/./node_modules/next/dist/client/dev/report-hmr-latency.js:13
[ 1333841ms] [LOG] %c[Vercel Speed Insights]%c [vitals] color: rgb(120, 120, 120) color: inherit {speed: 4g, metrics: Array(4), scriptVersion: 0.1.3, sdkName: @vercel/speed-insights/next, sdkVersion: 1.3.1} /_vercel/speed-insights/vitals @ https://va.vercel-scripts.com/v1/speed-insights/script.debug.js:0
[ 1333841ms] [LOG] %c[Vercel Web Analytics]%c [view] http://localhost:3000/underlying-stats/playerStats color: rgb(120, 120, 120) color: inherit {o: http://localhost:3000/underlying-stats/playerStats, sv: 0.1.3, sdkn: @vercel/analytics, sdkv: 0.1.11, ts: 1775579678637} /_vercel/insights/view @ https://cdn.vercel-insights.com/v1/script.debug.js:0
[ 1334118ms] [LOG] [Fast Refresh] rebuilding @ webpack-internal:///(pages-dir-browser)/./node_modules/next/dist/client/dev/hot-reloader/pages/hot-reloader-pages.js:206
[ 1334170ms] [LOG] [Fast Refresh] done in 52ms @ webpack-internal:///(pages-dir-browser)/./node_modules/next/dist/client/dev/report-hmr-latency.js:13
[ 1334318ms] [ERROR] Failed to load resource: the server responded with a status of 500 (Internal Server Error) @ http://localhost:3000/api/v1/underlying-stats/players?fromSeasonId=20252026&throughSeasonId=20252026&seasonType=regularSeason&strength=fiveOnFive&scoreState=allScores&statMode=onIce&displayMode=counts&venue=all&tradeMode=combine&scope=none&sortKey=xgfPct&sortDirection=desc&page=1&pageSize=100:0
[ 1337320ms] [WARNING] The resource http://localhost:3000/_next/static/media/ULSlogo.392f5ba7.png was preloaded using link preload but not used within a few seconds from the window's load event. Please make sure it has an appropriate `as` value and it is preloaded intentionally. @ http://localhost:3000/underlying-stats/playerStats:0
[ 1345468ms] [LOG] [Fast Refresh] rebuilding @ webpack-internal:///(pages-dir-browser)/./node_modules/next/dist/client/dev/hot-reloader/pages/hot-reloader-pages.js:206
[ 1345520ms] [LOG] [Fast Refresh] done in 52ms @ webpack-internal:///(pages-dir-browser)/./node_modules/next/dist/client/dev/report-hmr-latency.js:13
[ 1348522ms] [WARNING] The resource http://localhost:3000/_next/static/media/ULSlogo.392f5ba7.png was preloaded using link preload but not used within a few seconds from the window's load event. Please make sure it has an appropriate `as` value and it is preloaded intentionally. @ http://localhost:3000/underlying-stats/playerStats:0
[ 1350162ms] [LOG] [Fast Refresh] rebuilding @ webpack-internal:///(pages-dir-browser)/./node_modules/next/dist/client/dev/hot-reloader/pages/hot-reloader-pages.js:206
[ 1350924ms] [LOG] [Fast Refresh] done in 763ms @ webpack-internal:///(pages-dir-browser)/./node_modules/next/dist/client/dev/report-hmr-latency.js:13
[ 1353926ms] [WARNING] The resource http://localhost:3000/_next/static/media/ULSlogo.392f5ba7.png was preloaded using link preload but not used within a few seconds from the window's load event. Please make sure it has an appropriate `as` value and it is preloaded intentionally. @ http://localhost:3000/underlying-stats/playerStats:0
[ 1617992ms] [LOG] [Fast Refresh] rebuilding @ webpack-internal:///(pages-dir-browser)/./node_modules/next/dist/client/dev/hot-reloader/pages/hot-reloader-pages.js:206
[ 1618067ms] [LOG] [Fast Refresh] done in 75ms @ webpack-internal:///(pages-dir-browser)/./node_modules/next/dist/client/dev/report-hmr-latency.js:13
[ 1621069ms] [WARNING] The resource http://localhost:3000/_next/static/media/ULSlogo.392f5ba7.png was preloaded using link preload but not used within a few seconds from the window's load event. Please make sure it has an appropriate `as` value and it is preloaded intentionally. @ http://localhost:3000/underlying-stats/playerStats:0
[ 1957271ms] [LOG] %c[Vercel Speed Insights]%c [vitals] color: rgb(120, 120, 120) color: inherit {speed: 4g, metrics: Array(1), scriptVersion: 0.1.3, sdkName: @vercel/speed-insights/next, sdkVersion: 1.3.1} /_vercel/speed-insights/vitals @ https://va.vercel-scripts.com/v1/speed-insights/script.debug.js:0
[ 1957272ms] [LOG] %c[Vercel Speed Insights]%c [vitals] color: rgb(120, 120, 120) color: inherit {speed: 4g, metrics: Array(1), scriptVersion: 0.1.3, sdkName: @vercel/speed-insights/next, sdkVersion: 1.3.1} /_vercel/speed-insights/vitals @ https://va.vercel-scripts.com/v1/speed-insights/script.debug.js:0
